{"timestamp": "2026-07-19T10:00:04Z", "level": "info", "service": "api", "message": "request handled"}
{"timestamp": "2026-07-19T10:00:05Z", "level": "info", "service": "api", "message": "request handled"}
{"timestamp": "2026-07-19T10:00:07Z", "level": "debug", "service": "checkout", "message": "request handled"}
{"timestamp": "2026-07-19T10:00:09Z", "level": "info", "service": "api", "message": "request handled"}
{"timestamp": "2026-07-19T10:00:13Z", "level": "error", "service": "api", "message": "request failed: upstream timeout"}
{"timestamp": "2026-07-19T10:00:14Z", "level": "error", "service": "api", "message": "request failed: upstream timeout"}
{"timestamp": "2026-07-19T10:00:18Z", "level": "debug", "service": "checkout", "message": "request handled"}
{"timestamp": "2026-07-19T10:00:23Z", "level": "debug", "service": "api", "message": "request handled"}
{"timestamp": "2026-07-19T10:00:23Z", "level": "info", "service": "checkout", "message": "request handled"}
{"timestamp": "2026-07-19T10:00:23Z", "level": "info", "service": "worker", "message": "request handled"}
{"timestamp": "2026-07-19T10:00:27Z", "level": "info", "service": "api", "message": "request handled"}
{"timestamp": "2026-07-19T10:00:29Z", "level": "warn", "service": "worker", "message": "request handled"}
{"timestamp": "2026-07-19T10:00:31Z", "level": "warn", "service": "checkout", "message": "request handled"}
{"timestamp": "2026-07-19T10:00:36Z", "level": "info", "service": "api", "message": "request handled"}
{"timestamp": "2026-07-19T10:00:36Z", "level": "info", "service": "checkout", "message": "request handled"}
{"timestamp": "2026-07-19T10:00:36Z", "level": "warn", "service": "worker", "message": "request handled"}
{"timestamp": "2026-07-19T10:00:37Z", "level": "info", "service": "checkout", "message": "request handled"}
{"timestamp": "2026-07-19T10:00:40Z", "level": "info", "service": "api", "message": "request handled"}
{"timestamp": "2026-07-19T10:00:44Z", "level": "info", "service": "worker", "message": "request handled"}
{"timestamp": "2026-07-19T10:00:52Z", "level": "info", "service": "api", "message": "request handled"}
{"timestamp": "2026-07-19T10:00:52Z", "level": "info", "service": "checkout", "message": "request handled"}
{"timestamp": "2026-07-19T10:00:56Z", "level": "warn", "service": "worker", "message": "request handled"}
{"timestamp": "2026-07-19T10:01:01Z", "level": "info", "service": "checkout", "message": "request handled"}
{"timestamp": "2026-07-19T10:01:02Z", "level": "info", "service": "api", "message": "request handled"}
{"timestamp": "2026-07-19T10:01:03Z", "level": "info", "service": "api", "message": "request handled"}
{"timestamp": "2026-07-19T10:01:03Z", "level": "info", "service": "checkout", "message": "request handled"}
{"timestamp": "2026-07-19T10:01:04Z", "level": "info", "service": "api", "message": "request handled"}
{"timestamp": "2026-07-19T10:01:05Z", "level": "warn", "service": "checkout", "message": "request handled"}
{"timestamp": "2026-07-19T10:01:08Z", "level": "warn", "service": "checkout", "message": "request handled"}
{"timestamp": "2026-07-19T10:01:09Z", "level": "warn", "service": "api", "message": "request handled"}
{"timestamp": "2026-07-19T10:01:09Z", "level": "info", "service": "worker", "message": "request handled"}
{"timestamp": "2026-07-19T10:01:10Z", "level": "warn", "service": "checkout", "message": "request handled"}
{"timestamp": "2026-07-19T10:01:14Z", "level": "info", "service": "worker", "message": "request handled"}
{"timestamp": "2026-07-19T10:01:18Z", "level": "info", "service": "checkout", "message": "request handled"}
{"timestamp": "2026-07-19T10:01:21Z", "level": "debug", "service": "api", "message": "request handled"}
{"timestamp": "2026-07-19T10:01:25Z", "level": "warn", "service": "checkout", "message": "request handled"}
{"timestamp": "2026-07-19T10:01:30Z", "level": "info", "service": "api", "message": "request handled"}
{"timestamp": "2026-07-19T10:01:31Z", "level": "warn", "service": "api", "message": "request handled"}
{"timestamp": "2026-07-19T10:01:31Z", "level": "info", "service": "worker", "message": "request handled"}
{"timestamp": "2026-07-19T10:01:32Z", "level": "info", "service": "api", "message": "request handled"}
{"timestamp": "2026-07-19T10:01:35Z", "level": "info", "service": "checkout", "message": "request handled"}
{"timestamp": "2026-07-19T10:01:38Z", "level": "info", "service": "api", "message": "request handled"}
{"timestamp": "2026-07-19T10:01:43Z", "level": "info", "service": "worker", "message": "request handled"}
{"timestamp": "2026-07-19T10:01:45Z", "level": "info", "service": "worker", "message": "request handled"}
{"timestamp": "2026-07-19T10:01:48Z", "level": "info", "service": "api", "message": "request handled"}
{"timestamp": "2026-07-19T10:01:52Z", "level": "debug", "service": "checkout", "message": "request handled"}
{"timestamp": "2026-07-19T10:02:03Z", "level": "info", "service": "api", "message": "request handled"}
{"timestamp": "2026-07-19T10:02:06Z", "level": "warn", "service": "api", "message": "request handled"}
{"timestamp": "2026-07-19T10:02:06Z", "level": "error", "service": "checkout", "message": "request failed: upstream timeout"}
{"timestamp": "2026-07-19T10:02:09Z", "level": "info", "service": "checkout", "message": "request handled"}
{"timestamp": "2026-07-19T10:02:09Z", "level": "info", "service": "checkout", "message": "request handled"}
{"timestamp": "2026-07-19T10:02:09Z", "level": "info", "service": "worker", "message": "request handled"}
{"timestamp": "2026-07-19T10:02:18Z", "level": "error", "service": "api", "message": "request failed: upstream timeout"}
{"timestamp": "2026-07-19T10:02:25Z", "level": "warn", "service": "api", "message": "request handled"}
{"timestamp": "2026-07-19T10:02:26Z", "level": "debug", "service": "api", "message": "request handled"}
{"timestamp": "2026-07-19T10:02:28Z", "level": "info", "service": "api", "message": "request handled"}
{"timestamp": "2026-07-19T10:02:29Z", "level": "debug", "service": "api", "message": "request handled"}
{"timestamp": "2026-07-19T10:02:30Z", "level": "info", "service": "worker", "message": "request handled"}
{"timestamp": "2026-07-19T10:02:36Z", "level": "info", "service": "api", "message": "request handled"}
{"timestamp": "2026-07-19T10:02:38Z", "level": "info", "service": "checkout", "message": "request handled"}
{"timestamp": "2026-07-19T10:02:39Z", "level": "error", "service": "checkout", "message": "request failed: upstream timeout"}
{"timestamp": "2026-07-19T10:02:41Z", "level": "info", "service": "api", "message": "request handled"}
{"timestamp": "2026-07-19T10:02:44Z", "level": "debug", "service": "api", "message": "request handled"}
{"timestamp": "2026-07-19T10:02:54Z", "level": "warn", "service": "worker", "message": "request handled"}
{"timestamp": "2026-07-19T10:02:55Z", "level": "warn", "service": "checkout", "message": "request handled"}
{"timestamp": "2026-07-19T10:03:01Z", "level": "warn", "service": "checkout", "message": "request handled"}
{"timestamp": "2026-07-19T10:03:12Z", "level": "info", "service": "checkout", "message": "request handled"}
{"timestamp": "2026-07-19T10:03:16Z", "level": "debug", "service": "checkout", "message": "request handled"}
{"timestamp": "2026-07-19T10:03:22Z", "level": "info", "service": "checkout", "message": "request handled"}
{"timestamp": "2026-07-19T10:03:23Z", "level": "info", "service": "api", "message": "request handled"}
{"timestamp": "2026-07-19T10:03:23Z", "level": "info", "service": "checkout", "message": "request handled"}
{"timestamp": "2026-07-19T10:03:30Z", "level": "info", "service": "api", "message": "request handled"}
{"timestamp": "2026-07-19T10:03:30Z", "level": "info", "service": "worker", "message": "request handled"}
{"timestamp": "2026-07-19T10:03:30Z", "level": "debug", "service": "worker", "message": "request handled"}
{"timestamp": "2026-07-19T10:03:33Z", "level": "error", "service": "api", "message": "request failed: upstream timeout"}
{"timestamp": "2026-07-19T10:03:33Z", "level": "debug", "service": "api", "message": "request handled"}
{"timestamp": "2026-07-19T10:03:33Z", "level": "info", "service": "api", "message": "request handled"}
{"timestamp": "2026-07-19T10:03:39Z", "level": "info", "service": "api", "message": "request handled"}
{"timestamp": "2026-07-19T10:03:44Z", "level": "debug", "service": "api", "message": "request handled"}
{"timestamp": "2026-07-19T10:03:46Z", "level": "error", "service": "checkout", "message": "request failed: upstream timeout"}
{"timestamp": "2026-07-19T10:03:49Z", "level": "debug", "service": "api", "message": "request handled"}
{"timestamp": "2026-07-19T10:03:49Z", "level": "info", "service": "api", "message": "request handled"}
{"timestamp": "2026-07-19T10:03:52Z", "level": "info", "service": "checkout", "message": "request handled"}
{"timestamp": "2026-07-19T10:03:53Z", "level": "error", "service": "worker", "message": "request failed: upstream timeout"}
{"timestamp": "2026-07-19T10:03:58Z", "level": "error", "service": "api", "message": "request failed: upstream timeout"}
{"timestamp": "2026-07-19T10:03:58Z", "level": "info", "service": "worker", "message": "request handled"}
{"timestamp": "2026-07-19T10:04:00Z", "level": "info", "service": "checkout", "message": "request handled"}
{"timestamp": "2026-07-19T10:04:01Z", "level": "warn", "service": "api", "message": "request handled"}
{"timestamp": "2026-07-19T10:04:15Z", "level": "info", "service": "checkout", "message": "request handled"}
{"timestamp": "2026-07-19T10:04:16Z", "level": "debug", "service": "checkout", "message": "request handled"}
{"timestamp": "2026-07-19T10:04:16Z", "level": "info", "service": "checkout", "message": "request handled"}
{"timestamp": "2026-07-19T10:04:26Z", "level": "debug", "service": "worker", "message": "request handled"}
{"timestamp": "2026-07-19T10:04:27Z", "level": "info", "service": "checkout", "message": "request handled"}
{"timestamp": "2026-07-19T10:04:29Z", "level": "info", "service": "api", "message": "request handled"}
{"timestamp": "2026-07-19T10:04:30Z", "level": "warn", "service": "api", "message": "request handled"}
{"timestamp": "2026-07-19T10:04:33Z", "level": "info", "service": "checkout", "message": "request handled"}
{"timestamp": "2026-07-19T10:04:35Z", "level": "info", "service": "checkout", "message": "request handled"}
{"timestamp": "2026-07-19T10:04:42Z", "level": "info", "service": "checkout", "message": "request handled"}
{"timestamp": "2026-07-19T10:04:42Z", "level": "debug", "service": "worker", "message": "request handled"}
{"timestamp": "2026-07-19T10:04:46Z", "level": "info", "service": "api", "message": "request handled"}
{"timestamp": "2026-07-19T10:04:50Z", "level": "info", "service": "api", "message": "request handled"}
{"timestamp": "2026-07-19T10:04:51Z", "level": "warn", "service": "api", "message": "request handled"}
{"timestamp": "2026-07-19T10:04:51Z", "level": "debug", "service": "api", "message": "request handled"}
{"timestamp": "2026-07-19T10:04:52Z", "level": "info", "service": "checkout", "message": "request handled"}
{"timestamp": "2026-07-19T10:04:58Z", "level": "info", "service": "api", "message": "request handled"}
{"timestamp": "2026-07-19T10:04:58Z", "level": "warn", "service": "worker", "message": "request handled"}
{"timestamp": "2026-07-19T10:05:01Z", "level": "info", "service": "api", "message": "request handled"}
{"timestamp": "2026-07-19T10:05:12Z", "level": "info", "service": "api", "message": "request handled"}
{"timestamp": "2026-07-19T10:05:13Z", "level": "info", "service": "worker", "message": "request handled"}
{"timestamp": "2026-07-19T10:05:20Z", "level": "debug", "service": "checkout", "message": "request handled"}
{"timestamp": "2026-07-19T10:05:25Z", "level": "info", "service": "worker", "message": "request handled"}
{"timestamp": "2026-07-19T10:05:28Z", "level": "warn", "service": "checkout", "message": "request handled"}
{"timestamp": "2026-07-19T10:05:30Z", "level": "info", "service": "api", "message": "request handled"}
{"timestamp": "2026-07-19T10:05:32Z", "level": "debug", "service": "checkout", "message": "request handled"}
{"timestamp": "2026-07-19T10:05:33Z", "level": "info", "service": "api", "message": "request handled"}
{"timestamp": "2026-07-19T10:05:34Z", "level": "debug", "service": "api", "message": "request handled"}
{"timestamp": "2026-07-19T10:05:35Z", "level": "debug", "service": "api", "message": "request handled"}
{"timestamp": "2026-07-19T10:05:35Z", "level": "error", "service": "checkout", "message": "request failed: upstream timeout"}
{"timestamp": "2026-07-19T10:05:38Z", "level": "error", "service": "api", "message": "request failed: upstream timeout"}
{"timestamp": "2026-07-19T10:05:38Z", "level": "info", "service": "checkout", "message": "request handled"}
{"timestamp": "2026-07-19T10:05:42Z", "level": "info", "service": "worker", "message": "request handled"}
{"timestamp": "2026-07-19T10:05:51Z", "level": "info", "service": "api", "message": "request handled"}
{"timestamp": "2026-07-19T10:05:53Z", "level": "warn", "service": "checkout", "message": "request handled"}
{"timestamp": "2026-07-19T10:05:56Z", "level": "info", "service": "api", "message": "request handled"}
{"timestamp": "2026-07-19T10:05:56Z", "level": "info", "service": "checkout", "message": "request handled"}
{"timestamp": "2026-07-19T10:05:57Z", "level": "warn", "service": "checkout", "message": "request handled"}
{"timestamp": "2026-07-19T10:05:59Z", "level": "info", "service": "checkout", "message": "request handled"}
{"timestamp": "2026-07-19T10:06:01Z", "level": "warn", "service": "api", "message": "request handled"}
{"timestamp": "2026-07-19T10:06:01Z", "level": "info", "service": "worker", "message": "request handled"}
{"timestamp": "2026-07-19T10:06:03Z", "level": "info", "service": "worker", "message": "request handled"}
{"timestamp": "2026-07-19T10:06:04Z", "level": "info", "service": "worker", "message": "request handled"}
{"timestamp": "2026-07-19T10:06:05Z", "level": "info", "service": "checkout", "message": "request handled"}
{"timestamp": "2026-07-19T10:06:05Z", "level": "info", "service": "worker", "message": "request handled"}
{"timestamp": "2026-07-19T10:06:09Z", "level": "info", "service": "api", "message": "request handled"}
{"timestamp": "2026-07-19T10:06:21Z", "level": "info", "service": "checkout", "message": "request handled"}
{"timestamp": "2026-07-19T10:06:22Z", "level": "info", "service": "api", "message": "request handled"}
{"timestamp": "2026-07-19T10:06:25Z", "level": "info", "service": "api", "message": "request handled"}
{"timestamp": "2026-07-19T10:06:25Z", "level": "info", "service": "api", "message": "request handled"}
{"timestamp": "2026-07-19T10:06:25Z", "level": "debug", "service": "checkout", "message": "request handled"}
{"timestamp": "2026-07-19T10:06:27Z", "level": "info", "service": "worker", "message": "request handled"}
{"timestamp": "2026-07-19T10:06:29Z", "level": "info", "service": "api", "message": "request handled"}
{"timestamp": "2026-07-19T10:06:32Z", "level": "info", "service": "checkout", "message": "request handled"}
{"timestamp": "2026-07-19T10:06:42Z", "level": "info", "service": "api", "message": "request handled"}
{"timestamp": "2026-07-19T10:06:44Z", "level": "info", "service": "worker", "message": "request handled"}
{"timestamp": "2026-07-19T10:06:45Z", "level": "info", "service": "api", "message": "request handled"}
{"timestamp": "2026-07-19T10:06:45Z", "level": "debug", "service": "api", "message": "request handled"}
{"timestamp": "2026-07-19T10:06:45Z", "level": "error", "service": "checkout", "message": "request failed: upstream timeout"}
{"timestamp": "2026-07-19T10:06:48Z", "level": "warn", "service": "checkout", "message": "request handled"}
{"timestamp": "2026-07-19T10:06:54Z", "level": "info", "service": "checkout", "message": "request handled"}
{"timestamp": "2026-07-19T10:06:57Z", "level": "info", "service": "checkout", "message": "request handled"}
{"timestamp": "2026-07-19T10:06:58Z", "level": "info", "service": "checkout", "message": "request handled"}
{"timestamp": "2026-07-19T10:07:00Z", "level": "debug", "service": "api", "message": "request handled"}
{"timestamp": "2026-07-19T10:07:01Z", "level": "debug", "service": "api", "message": "request handled"}
{"timestamp": "2026-07-19T10:07:06Z", "level": "warn", "service": "checkout", "message": "request handled"}
{"timestamp": "2026-07-19T10:07:10Z", "level": "info", "service": "api", "message": "request handled"}
{"timestamp": "2026-07-19T10:07:12Z", "level": "info", "service": "api", "message": "request handled"}
{"timestamp": "2026-07-19T10:07:14Z", "level": "info", "service": "checkout", "message": "request handled"}
{"timestamp": "2026-07-19T10:07:15Z", "level": "info", "service": "worker", "message": "request handled"}
{"timestamp": "2026-07-19T10:07:16Z", "level": "error", "service": "api", "message": "request failed: upstream timeout"}
{"timestamp": "2026-07-19T10:07:17Z", "level": "info", "service": "api", "message": "request handled"}
{"timestamp": "2026-07-19T10:07:25Z", "level": "info", "service": "checkout", "message": "request handled"}
{"timestamp": "2026-07-19T10:07:26Z", "level": "info", "service": "api", "message": "request handled"}
{"timestamp": "2026-07-19T10:07:27Z", "level": "info", "service": "worker", "message": "request handled"}
{"timestamp": "2026-07-19T10:07:28Z", "level": "info", "service": "api", "message": "request handled"}
{"timestamp": "2026-07-19T10:07:29Z", "level": "info", "service": "worker", "message": "request handled"}
{"timestamp": "2026-07-19T10:07:32Z", "level": "warn", "service": "checkout", "message": "request handled"}
{"timestamp": "2026-07-19T10:07:32Z", "level": "info", "service": "checkout", "message": "request handled"}
{"timestamp": "2026-07-19T10:07:33Z", "level": "info", "service": "api", "message": "request handled"}
{"timestamp": "2026-07-19T10:07:39Z", "level": "debug", "service": "api", "message": "request handled"}
{"timestamp": "2026-07-19T10:07:42Z", "level": "warn", "service": "checkout", "message": "request handled"}
{"timestamp": "2026-07-19T10:07:42Z", "level": "debug", "service": "worker", "message": "request handled"}
{"timestamp": "2026-07-19T10:07:42Z", "level": "debug", "service": "worker", "message": "request handled"}
{"timestamp": "2026-07-19T10:07:45Z", "level": "info", "service": "api", "message": "request handled"}
{"timestamp": "2026-07-19T10:07:53Z", "level": "info", "service": "checkout", "message": "request handled"}
{"timestamp": "2026-07-19T10:08:00Z", "level": "info", "service": "api", "message": "request handled"}
{"timestamp": "2026-07-19T10:08:01Z", "level": "info", "service": "api", "message": "request handled"}
{"timestamp": "2026-07-19T10:08:03Z", "level": "debug", "service": "worker", "message": "request handled"}
{"timestamp": "2026-07-19T10:08:05Z", "level": "debug", "service": "api", "message": "request handled"}
{"timestamp": "2026-07-19T10:08:05Z", "level": "error", "service": "worker", "message": "request failed: upstream timeout"}
{"timestamp": "2026-07-19T10:08:08Z", "level": "debug", "service": "checkout", "message": "request handled"}
{"timestamp": "2026-07-19T10:08:08Z", "level": "info", "service": "worker", "message": "request handled"}
{"timestamp": "2026-07-19T10:08:09Z", "level": "debug", "service": "checkout", "message": "request handled"}
{"timestamp": "2026-07-19T10:08:11Z", "level": "error", "service": "api", "message": "request failed: upstream timeout"}
{"timestamp": "2026-07-19T10:08:16Z", "level": "info", "service": "api", "message": "request handled"}
{"timestamp": "2026-07-19T10:08:24Z", "level": "info", "service": "api", "message": "request handled"}
{"timestamp": "2026-07-19T10:08:24Z", "level": "warn", "service": "checkout", "message": "request handled"}
{"timestamp": "2026-07-19T10:08:24Z", "level": "debug", "service": "worker", "message": "request handled"}
{"timestamp": "2026-07-19T10:08:25Z", "level": "warn", "service": "api", "message": "request handled"}
{"timestamp": "2026-07-19T10:08:32Z", "level": "info", "service": "api", "message": "request handled"}
{"timestamp": "2026-07-19T10:08:32Z", "level": "info", "service": "api", "message": "request handled"}
{"timestamp": "2026-07-19T10:08:35Z", "level": "info", "service": "api", "message": "request handled"}
{"timestamp": "2026-07-19T10:08:36Z", "level": "info", "service": "checkout", "message": "request handled"}
{"timestamp": "2026-07-19T10:08:40Z", "level": "debug", "service": "checkout", "message": "request handled"}
{"timestamp": "2026-07-19T10:08:41Z", "level": "debug", "service": "checkout", "message": "request handled"}
{"timestamp": "2026-07-19T10:08:42Z", "level": "debug", "service": "checkout", "message": "request handled"}
{"timestamp": "2026-07-19T10:08:56Z", "level": "info", "service": "api", "message": "request handled"}
{"timestamp": "2026-07-19T10:09:04Z", "level": "warn", "service": "api", "message": "request handled"}
{"timestamp": "2026-07-19T10:09:04Z", "level": "info", "service": "checkout", "message": "request handled"}
{"timestamp": "2026-07-19T10:09:05Z", "level": "info", "service": "worker", "message": "request handled"}
{"timestamp": "2026-07-19T10:09:14Z", "level": "warn", "service": "api", "message": "request handled"}
{"timestamp": "2026-07-19T10:09:15Z", "level": "info", "service": "api", "message": "request handled"}
{"timestamp": "2026-07-19T10:09:16Z", "level": "info", "service": "api", "message": "request handled"}
{"timestamp": "2026-07-19T10:09:16Z", "level": "info", "service": "checkout", "message": "request handled"}
{"timestamp": "2026-07-19T10:09:18Z", "level": "info", "service": "worker", "message": "request handled"}
{"timestamp": "2026-07-19T10:09:18Z", "level": "debug", "service": "worker", "message": "request handled"}
{"timestamp": "2026-07-19T10:09:28Z", "level": "warn", "service": "worker", "message": "request handled"}
{"timestamp": "2026-07-19T10:09:29Z", "level": "info", "service": "worker", "message": "request handled"}
{"timestamp": "2026-07-19T10:09:30Z", "level": "info", "service": "api", "message": "request handled"}
{"timestamp": "2026-07-19T10:09:30Z", "level": "info", "service": "checkout", "message": "request handled"}
{"timestamp": "2026-07-19T10:09:31Z", "level": "warn", "service": "api", "message": "request handled"}
{"timestamp": "2026-07-19T10:09:31Z", "level": "info", "service": "api", "message": "request handled"}
{"timestamp": "2026-07-19T10:09:39Z", "level": "info", "service": "checkout", "message": "request handled"}
{"timestamp": "2026-07-19T10:09:39Z", "level": "info", "service": "checkout", "message": "request handled"}
{"timestamp": "2026-07-19T10:09:43Z", "level": "info", "service": "checkout", "message": "request handled"}
{"timestamp": "2026-07-19T10:09:51Z", "level": "debug", "service": "api", "message": "request handled"}
{"timestamp": "2026-07-19T10:09:57Z", "level": "debug", "service": "api", "message": "request handled"}
{"timestamp": "2026-07-19T10:09:57Z", "level": "info", "service": "worker", "message": "request handled"}
{"timestamp": "2026-07-19T10:10:00Z", "level": "warn", "service": "api", "message": "request handled"}
{"timestamp": "2026-07-19T10:10:04Z", "level": "info", "service": "api", "message": "request handled"}
{"timestamp": "2026-07-19T10:10:04Z", "level": "debug", "service": "checkout", "message": "request handled"}
{"timestamp": "2026-07-19T10:10:04Z", "level": "warn", "service": "checkout", "message": "request handled"}
{"timestamp": "2026-07-19T10:10:06Z", "level": "info", "service": "worker", "message": "request handled"}
{"timestamp": "2026-07-19T10:10:07Z", "level": "info", "service": "checkout", "message": "request handled"}
{"timestamp": "2026-07-19T10:10:08Z", "level": "debug", "service": "api", "message": "request handled"}
{"timestamp": "2026-07-19T10:10:12Z", "level": "warn", "service": "worker", "message": "request handled"}
{"timestamp": "2026-07-19T10:10:14Z", "level": "warn", "service": "api", "message": "request handled"}
{"timestamp": "2026-07-19T10:10:17Z", "level": "info", "service": "api", "message": "request handled"}
{"timestamp": "2026-07-19T10:10:17Z", "level": "info", "service": "worker", "message": "request handled"}
{"timestamp": "2026-07-19T10:10:22Z", "level": "info", "service": "checkout", "message": "request handled"}
{"timestamp": "2026-07-19T10:10:25Z", "level": "error", "service": "api", "message": "request failed: upstream timeout"}
{"timestamp": "2026-07-19T10:10:25Z", "level": "info", "service": "api", "message": "request handled"}
{"timestamp": "2026-07-19T10:10:40Z", "level": "info", "service": "worker", "message": "request handled"}
{"timestamp": "2026-07-19T10:10:45Z", "level": "error", "service": "checkout", "message": "request failed: upstream timeout"}
{"timestamp": "2026-07-19T10:10:47Z", "level": "info", "service": "api", "message": "request handled"}
{"timestamp": "2026-07-19T10:10:47Z", "level": "info", "service": "checkout", "message": "request handled"}
{"timestamp": "2026-07-19T10:10:48Z", "level": "warn", "service": "checkout", "message": "request handled"}
{"timestamp": "2026-07-19T10:10:48Z", "level": "info", "service": "checkout", "message": "request handled"}
{"timestamp": "2026-07-19T10:10:53Z", "level": "info", "service": "checkout", "message": "request handled"}
{"timestamp": "2026-07-19T10:10:56Z", "level": "error", "service": "worker", "message": "request failed: upstream timeout"}
{"timestamp": "2026-07-19T10:10:58Z", "level": "info", "service": "api", "message": "request handled"}
{"timestamp": "2026-07-19T10:11:03Z", "level": "warn", "service": "api", "message": "request handled"}
{"timestamp": "2026-07-19T10:11:03Z", "level": "debug", "service": "api", "message": "request handled"}
{"timestamp": "2026-07-19T10:11:08Z", "level": "warn", "service": "api", "message": "request handled"}
{"timestamp": "2026-07-19T10:11:10Z", "level": "info", "service": "checkout", "message": "request handled"}
{"timestamp": "2026-07-19T10:11:11Z", "level": "info", "service": "checkout", "message": "request handled"}
{"timestamp": "2026-07-19T10:11:12Z", "level": "warn", "service": "worker", "message": "request handled"}
{"timestamp": "2026-07-19T10:11:13Z", "level": "warn", "service": "checkout", "message": "request handled"}
{"timestamp": "2026-07-19T10:11:13Z", "level": "info", "service": "worker", "message": "request handled"}
{"timestamp": "2026-07-19T10:11:15Z", "level": "debug", "service": "worker", "message": "request handled"}
{"timestamp": "2026-07-19T10:11:21Z", "level": "info", "service": "api", "message": "request handled"}
{"timestamp": "2026-07-19T10:11:24Z", "level": "debug", "service": "worker", "message": "request handled"}
{"timestamp": "2026-07-19T10:11:25Z", "level": "info", "service": "api", "message": "request handled"}
{"timestamp": "2026-07-19T10:11:28Z", "level": "info", "service": "api", "message": "request handled"}
{"timestamp": "2026-07-19T10:11:30Z", "level": "warn", "service": "api", "message": "request handled"}
{"timestamp": "2026-07-19T10:11:35Z", "level": "info", "service": "api", "message": "request handled"}
{"timestamp": "2026-07-19T10:11:35Z", "level": "info", "service": "checkout", "message": "request handled"}
{"timestamp": "2026-07-19T10:11:35Z", "level": "info", "service": "checkout", "message": "request handled"}
{"timestamp": "2026-07-19T10:11:41Z", "level": "warn", "service": "api", "message": "request handled"}
{"timestamp": "2026-07-19T10:11:47Z", "level": "info", "service": "api", "message": "request handled"}
{"timestamp": "2026-07-19T10:11:48Z", "level": "info", "service": "checkout", "message": "request handled"}
{"timestamp": "2026-07-19T10:11:48Z", "level": "info", "service": "worker", "message": "request handled"}
{"timestamp": "2026-07-19T10:11:58Z", "level": "debug", "service": "api", "message": "request handled"}
{"timestamp": "2026-07-19T10:12:05Z", "level": "info", "service": "api", "message": "request handled"}
{"timestamp": "2026-07-19T10:12:08Z", "level": "debug", "service": "api", "message": "request handled"}
{"timestamp": "2026-07-19T10:12:08Z", "level": "error", "service": "api", "message": "request failed: upstream timeout"}
{"timestamp": "2026-07-19T10:12:09Z", "level": "error", "service": "checkout", "message": "request failed: upstream timeout"}
{"timestamp": "2026-07-19T10:12:24Z", "level": "warn", "service": "api", "message": "request handled"}
{"timestamp": "2026-07-19T10:12:25Z", "level": "debug", "service": "api", "message": "request handled"}
{"timestamp": "2026-07-19T10:12:27Z", "level": "info", "service": "api", "message": "request handled"}
{"timestamp": "2026-07-19T10:12:35Z", "level": "error", "service": "checkout", "message": "request failed: upstream timeout"}
{"timestamp": "2026-07-19T10:12:37Z", "level": "info", "service": "api", "message": "request handled"}
{"timestamp": "2026-07-19T10:12:40Z", "level": "info", "service": "api", "message": "request handled"}
{"timestamp": "2026-07-19T10:12:41Z", "level": "error", "service": "checkout", "message": "request failed: upstream timeout"}
{"timestamp": "2026-07-19T10:12:43Z", "level": "error", "service": "checkout", "message": "request failed: upstream timeout"}
{"timestamp": "2026-07-19T10:12:45Z", "level": "warn", "service": "api", "message": "request handled"}
{"timestamp": "2026-07-19T10:12:45Z", "level": "info", "service": "worker", "message": "request handled"}
{"timestamp": "2026-07-19T10:12:50Z", "level": "error", "service": "checkout", "message": "request failed: upstream timeout"}
{"timestamp": "2026-07-19T10:12:50Z", "level": "debug", "service": "worker", "message": "request handled"}
{"timestamp": "2026-07-19T10:12:52Z", "level": "error", "service": "checkout", "message": "request failed: upstream timeout"}
{"timestamp": "2026-07-19T10:12:54Z", "level": "warn", "service": "api", "message": "request handled"}
{"timestamp": "2026-07-19T10:12:57Z", "level": "error", "service": "checkout", "message": "request failed: upstream timeout"}
{"timestamp": "2026-07-19T10:12:58Z", "level": "error", "service": "worker", "message": "request failed: upstream timeout"}
{"timestamp": "2026-07-19T10:13:00Z", "level": "warn", "service": "api", "message": "request handled"}
{"timestamp": "2026-07-19T10:13:03Z", "level": "error", "service": "api", "message": "request failed: upstream timeout"}
{"timestamp": "2026-07-19T10:13:06Z", "level": "debug", "service": "api", "message": "request handled"}
{"timestamp": "2026-07-19T10:13:12Z", "level": "error", "service": "checkout", "message": "request failed: upstream timeout"}
{"timestamp": "2026-07-19T10:13:13Z", "level": "info", "service": "worker", "message": "request handled"}
{"timestamp": "2026-07-19T10:13:14Z", "level": "info", "service": "api", "message": "request handled"}
{"timestamp": "2026-07-19T10:13:14Z", "level": "error", "service": "checkout", "message": "request failed: upstream timeout"}
{"timestamp": "2026-07-19T10:13:14Z", "level": "info", "service": "worker", "message": "request handled"}
{"timestamp": "2026-07-19T10:13:15Z", "level": "error", "service": "api", "message": "request failed: upstream timeout"}
{"timestamp": "2026-07-19T10:13:17Z", "level": "info", "service": "api", "message": "request handled"}
{"timestamp": "2026-07-19T10:13:18Z", "level": "error", "service": "checkout", "message": "request failed: upstream timeout"}
{"timestamp": "2026-07-19T10:13:19Z", "level": "info", "service": "worker", "message": "request handled"}
{"timestamp": "2026-07-19T10:13:21Z", "level": "error", "service": "checkout", "message": "request failed: upstream timeout"}
{"timestamp": "2026-07-19T10:13:23Z", "level": "error", "service": "checkout", "message": "request failed: upstream timeout"}
{"timestamp": "2026-07-19T10:13:26Z", "level": "info", "service": "api", "message": "request handled"}
{"timestamp": "2026-07-19T10:13:26Z", "level": "error", "service": "checkout", "message": "request failed: upstream timeout"}
{"timestamp": "2026-07-19T10:13:30Z", "level": "debug", "service": "api", "message": "request handled"}
{"timestamp": "2026-07-19T10:13:31Z", "level": "error", "service": "checkout", "message": "request failed: upstream timeout"}
{"timestamp": "2026-07-19T10:13:33Z", "level": "info", "service": "api", "message": "request handled"}
{"timestamp": "2026-07-19T10:13:37Z", "level": "info", "service": "api", "message": "request handled"}
{"timestamp": "2026-07-19T10:13:56Z", "level": "error", "service": "checkout", "message": "request failed: upstream timeout"}
{"timestamp": "2026-07-19T10:13:59Z", "level": "error", "service": "checkout", "message": "request failed: upstream timeout"}
{"timestamp": "2026-07-19T10:14:01Z", "level": "info", "service": "worker", "message": "request handled"}
{"timestamp": "2026-07-19T10:14:02Z", "level": "warn", "service": "checkout", "message": "request handled"}
{"timestamp": "2026-07-19T10:14:02Z", "level": "warn", "service": "worker", "message": "request handled"}
{"timestamp": "2026-07-19T10:14:03Z", "level": "debug", "service": "api", "message": "request handled"}
{"timestamp": "2026-07-19T10:14:03Z", "level": "info", "service": "checkout", "message": "request handled"}
{"timestamp": "2026-07-19T10:14:05Z", "level": "info", "service": "checkout", "message": "request handled"}
{"timestamp": "2026-07-19T10:14:06Z", "level": "warn", "service": "api", "message": "request handled"}
{"timestamp": "2026-07-19T10:14:09Z", "level": "info", "service": "api", "message": "request handled"}
{"timestamp": "2026-07-19T10:14:11Z", "level": "info", "service": "api", "message": "request handled"}
{"timestamp": "2026-07-19T10:14:11Z", "level": "debug", "service": "api", "message": "request handled"}
{"timestamp": "2026-07-19T10:14:20Z", "level": "warn", "service": "worker", "message": "request handled"}
{"timestamp": "2026-07-19T10:14:24Z", "level": "info", "service": "checkout", "message": "request handled"}
{"timestamp": "2026-07-19T10:14:26Z", "level": "info", "service": "checkout", "message": "request handled"}
{"timestamp": "2026-07-19T10:14:28Z", "level": "info", "service": "checkout", "message": "request handled"}
{"timestamp": "2026-07-19T10:14:31Z", "level": "info", "service": "api", "message": "request handled"}
{"timestamp": "2026-07-19T10:14:34Z", "level": "info", "service": "worker", "message": "request handled"}
{"timestamp": "2026-07-19T10:14:35Z", "level": "info", "service": "checkout", "message": "request handled"}
{"timestamp": "2026-07-19T10:14:38Z", "level": "warn", "service": "api", "message": "request handled"}
{"timestamp": "2026-07-19T10:14:39Z", "level": "info", "service": "api", "message": "request handled"}
{"timestamp": "2026-07-19T10:14:46Z", "level": "info", "service": "api", "message": "request handled"}
{"timestamp": "2026-07-19T10:14:51Z", "level": "warn", "service": "worker", "message": "request handled"}
{"timestamp": "2026-07-19T10:14:52Z", "level": "info", "service": "checkout", "message": "request handled"}
{"timestamp": "2026-07-19T10:14:53Z", "level": "info", "service": "checkout", "message": "request handled"}
{"timestamp": "2026-07-19T10:14:59Z", "level": "info", "service": "api", "message": "request handled"}
{"timestamp": "2026-07-19T10:15:01Z", "level": "info", "service": "api", "message": "request handled"}
{"timestamp": "2026-07-19T10:15:05Z", "level": "warn", "service": "checkout", "message": "request handled"}
{"timestamp": "2026-07-19T10:15:11Z", "level": "error", "service": "checkout", "message": "request failed: upstream timeout"}
{"timestamp": "2026-07-19T10:15:12Z", "level": "debug", "service": "api", "message": "request handled"}
{"timestamp": "2026-07-19T10:15:21Z", "level": "info", "service": "api", "message": "request handled"}
{"timestamp": "2026-07-19T10:15:27Z", "level": "info", "service": "worker", "message": "request handled"}
{"timestamp": "2026-07-19T10:15:29Z", "level": "debug", "service": "checkout", "message": "request handled"}
{"timestamp": "2026-07-19T10:15:35Z", "level": "info", "service": "worker", "message": "request handled"}
{"timestamp": "2026-07-19T10:15:38Z", "level": "info", "service": "checkout", "message": "request handled"}
{"timestamp": "2026-07-19T10:15:39Z", "level": "error", "service": "api", "message": "request failed: upstream timeout"}
{"timestamp": "2026-07-19T10:15:41Z", "level": "error", "service": "worker", "message": "request failed: upstream timeout"}
{"timestamp": "2026-07-19T10:15:45Z", "level": "warn", "service": "checkout", "message": "request handled"}
{"timestamp": "2026-07-19T10:15:46Z", "level": "info", "service": "api", "message": "request handled"}
{"timestamp": "2026-07-19T10:15:47Z", "level": "info", "service": "api", "message": "request handled"}
{"timestamp": "2026-07-19T10:15:48Z", "level": "warn", "service": "checkout", "message": "request handled"}
{"timestamp": "2026-07-19T10:15:50Z", "level": "warn", "service": "checkout", "message": "request handled"}
{"timestamp": "2026-07-19T10:15:51Z", "level": "info", "service": "api", "message": "request handled"}
{"timestamp": "2026-07-19T10:15:52Z", "level": "warn", "service": "checkout", "message": "request handled"}
{"timestamp": "2026-07-19T10:15:59Z", "level": "info", "service": "api", "message": "request handled"}
{"timestamp": "2026-07-19T10:15:59Z", "level": "info", "service": "checkout", "message": "request handled"}
{"timestamp": "2026-07-19T10:16:02Z", "level": "warn", "service": "checkout", "message": "request handled"}
{"timestamp": "2026-07-19T10:16:06Z", "level": "debug", "service": "worker", "message": "request handled"}
{"timestamp": "2026-07-19T10:16:11Z", "level": "warn", "service": "api", "message": "request handled"}
{"timestamp": "2026-07-19T10:16:14Z", "level": "info", "service": "checkout", "message": "request handled"}
{"timestamp": "2026-07-19T10:16:15Z", "level": "debug", "service": "api", "message": "request handled"}
{"timestamp": "2026-07-19T10:16:15Z", "level": "info", "service": "checkout", "message": "request handled"}
{"timestamp": "2026-07-19T10:16:16Z", "level": "info", "service": "api", "message": "request handled"}
{"timestamp": "2026-07-19T10:16:16Z", "level": "info", "service": "worker", "message": "request handled"}
{"timestamp": "2026-07-19T10:16:17Z", "level": "info", "service": "api", "message": "request handled"}
{"timestamp": "2026-07-19T10:16:20Z", "level": "info", "service": "checkout", "message": "request handled"}
{"timestamp": "2026-07-19T10:16:26Z", "level": "warn", "service": "api", "message": "request handled"}
{"timestamp": "2026-07-19T10:16:28Z", "level": "info", "service": "api", "message": "request handled"}
{"timestamp": "2026-07-19T10:16:29Z", "level": "info", "service": "api", "message": "request handled"}
{"timestamp": "2026-07-19T10:16:39Z", "level": "info", "service": "api", "message": "request handled"}
{"timestamp": "2026-07-19T10:16:41Z", "level": "warn", "service": "checkout", "message": "request handled"}
{"timestamp": "2026-07-19T10:16:47Z", "level": "info", "service": "api", "message": "request handled"}
{"timestamp": "2026-07-19T10:16:49Z", "level": "info", "service": "api", "message": "request handled"}
{"timestamp": "2026-07-19T10:16:55Z", "level": "debug", "service": "worker", "message": "request handled"}
{"timestamp": "2026-07-19T10:16:56Z", "level": "warn", "service": "checkout", "message": "request handled"}
{"timestamp": "2026-07-19T10:16:58Z", "level": "info", "service": "checkout", "message": "request handled"}
{"timestamp": "2026-07-19T10:16:59Z", "level": "debug", "service": "worker", "message": "request handled"}
{"timestamp": "2026-07-19T10:17:00Z", "level": "info", "service": "worker", "message": "request handled"}
{"timestamp": "2026-07-19T10:17:01Z", "level": "info", "service": "checkout", "message": "request handled"}
{"timestamp": "2026-07-19T10:17:03Z", "level": "debug", "service": "checkout", "message": "request handled"}
{"timestamp": "2026-07-19T10:17:11Z", "level": "info", "service": "api", "message": "request handled"}
{"timestamp": "2026-07-19T10:17:13Z", "level": "error", "service": "api", "message": "request failed: upstream timeout"}
{"timestamp": "2026-07-19T10:17:13Z", "level": "error", "service": "api", "message": "request failed: upstream timeout"}
{"timestamp": "2026-07-19T10:17:16Z", "level": "error", "service": "api", "message": "request failed: upstream timeout"}
{"timestamp": "2026-07-19T10:17:18Z", "level": "warn", "service": "checkout", "message": "request handled"}
{"timestamp": "2026-07-19T10:17:20Z", "level": "info", "service": "api", "message": "request handled"}
{"timestamp": "2026-07-19T10:17:21Z", "level": "info", "service": "api", "message": "request handled"}
{"timestamp": "2026-07-19T10:17:25Z", "level": "warn", "service": "checkout", "message": "request handled"}
{"timestamp": "2026-07-19T10:17:25Z", "level": "info", "service": "worker", "message": "request handled"}
{"timestamp": "2026-07-19T10:17:26Z", "level": "warn", "service": "api", "message": "request handled"}
{"timestamp": "2026-07-19T10:17:27Z", "level": "info", "service": "worker", "message": "request handled"}
{"timestamp": "2026-07-19T10:17:29Z", "level": "info", "service": "worker", "message": "request handled"}
{"timestamp": "2026-07-19T10:17:31Z", "level": "info", "service": "api", "message": "request handled"}
{"timestamp": "2026-07-19T10:17:40Z", "level": "info", "service": "checkout", "message": "request handled"}
{"timestamp": "2026-07-19T10:17:41Z", "level": "warn", "service": "checkout", "message": "request handled"}
{"timestamp": "2026-07-19T10:17:46Z", "level": "info", "service": "api", "message": "request handled"}
{"timestamp": "2026-07-19T10:17:52Z", "level": "error", "service": "api", "message": "request failed: upstream timeout"}
{"timestamp": "2026-07-19T10:17:56Z", "level": "warn", "service": "checkout", "message": "request handled"}
{"timestamp": "2026-07-19T10:18:02Z", "level": "info", "service": "checkout", "message": "request handled"}
{"timestamp": "2026-07-19T10:18:03Z", "level": "warn", "service": "api", "message": "request handled"}
{"timestamp": "2026-07-19T10:18:05Z", "level": "info", "service": "api", "message": "request handled"}
{"timestamp": "2026-07-19T10:18:05Z", "level": "debug", "service": "checkout", "message": "request handled"}
{"timestamp": "2026-07-19T10:18:07Z", "level": "info", "service": "checkout", "message": "request handled"}
{"timestamp": "2026-07-19T10:18:07Z", "level": "warn", "service": "worker", "message": "request handled"}
{"timestamp": "2026-07-19T10:18:10Z", "level": "info", "service": "api", "message": "request handled"}
{"timestamp": "2026-07-19T10:18:13Z", "level": "error", "service": "checkout", "message": "request failed: upstream timeout"}
{"timestamp": "2026-07-19T10:18:15Z", "level": "info", "service": "worker", "message": "request handled"}
{"timestamp": "2026-07-19T10:18:19Z", "level": "info", "service": "api", "message": "request handled"}
{"timestamp": "2026-07-19T10:18:22Z", "level": "debug", "service": "api", "message": "request handled"}
{"timestamp": "2026-07-19T10:18:24Z", "level": "info", "service": "api", "message": "request handled"}
{"timestamp": "2026-07-19T10:18:28Z", "level": "info", "service": "worker", "message": "request handled"}
{"timestamp": "2026-07-19T10:18:33Z", "level": "info", "service": "checkout", "message": "request handled"}
{"timestamp": "2026-07-19T10:18:35Z", "level": "info", "service": "worker", "message": "request handled"}
{"timestamp": "2026-07-19T10:18:39Z", "level": "info", "service": "checkout", "message": "request handled"}
{"timestamp": "2026-07-19T10:18:40Z", "level": "info", "service": "checkout", "message": "request handled"}
{"timestamp": "2026-07-19T10:18:41Z", "level": "debug", "service": "worker", "message": "request handled"}
{"timestamp": "2026-07-19T10:18:44Z", "level": "info", "service": "checkout", "message": "request handled"}
{"timestamp": "2026-07-19T10:18:47Z", "level": "info", "service": "api", "message": "request handled"}
{"timestamp": "2026-07-19T10:18:53Z", "level": "debug", "service": "checkout", "message": "request handled"}
{"timestamp": "2026-07-19T10:18:58Z", "level": "info", "service": "api", "message": "request handled"}
{"timestamp": "2026-07-19T10:19:00Z", "level": "warn", "service": "api", "message": "request handled"}
{"timestamp": "2026-07-19T10:19:01Z", "level": "debug", "service": "checkout", "message": "request handled"}
{"timestamp": "2026-07-19T10:19:02Z", "level": "info", "service": "api", "message": "request handled"}
{"timestamp": "2026-07-19T10:19:03Z", "level": "warn", "service": "checkout", "message": "request handled"}
{"timestamp": "2026-07-19T10:19:04Z", "level": "warn", "service": "api", "message": "request handled"}
{"timestamp": "2026-07-19T10:19:10Z", "level": "debug", "service": "worker", "message": "request handled"}
{"timestamp": "2026-07-19T10:19:12Z", "level": "warn", "service": "checkout", "message": "request handled"}
{"timestamp": "2026-07-19T10:19:17Z", "level": "warn", "service": "worker", "message": "request handled"}
{"timestamp": "2026-07-19T10:19:18Z", "level": "info", "service": "checkout", "message": "request handled"}
{"timestamp": "2026-07-19T10:19:23Z", "level": "warn", "service": "api", "message": "request handled"}
{"timestamp": "2026-07-19T10:19:29Z", "level": "debug", "service": "api", "message": "request handled"}
{"timestamp": "2026-07-19T10:19:32Z", "level": "info", "service": "api", "message": "request handled"}
{"timestamp": "2026-07-19T10:19:41Z", "level": "info", "service": "checkout", "message": "request handled"}
{"timestamp": "2026-07-19T10:19:43Z", "level": "info", "service": "checkout", "message": "request handled"}
{"timestamp": "2026-07-19T10:19:46Z", "level": "info", "service": "checkout", "message": "request handled"}
{"timestamp": "2026-07-19T10:19:49Z", "level": "info", "service": "api", "message": "request handled"}
{"timestamp": "2026-07-19T10:19:49Z", "level": "info", "service": "checkout", "message": "request handled"}
{"timestamp": "2026-07-19T10:19:51Z", "level": "info", "service": "api", "message": "request handled"}
{"timestamp": "2026-07-19T10:19:53Z", "level": "info", "service": "worker", "message": "request handled"}
