Jul 19 10:00:23 host01 nginx[229]: info request served 200
Jul 19 10:00:12 host01 nginx[187]: info request served 200
Jul 19 10:00:08 host01 nginx[618]: info request served 200
Jul 19 10:00:13 host01 nginx[131]: info request served 200
Jul 19 10:00:29 host01 nginx[499]: info request served 200
Jul 19 10:00:36 host01 kernel[950]: info request served 200
Jul 19 10:00:25 host01 kernel[339]: info request served 200
Jul 19 10:00:48 host01 kernel[373]: error upstream connection refused
Jul 19 10:00:26 host01 sshd[488]: info request served 200
Jul 19 10:00:46 host01 sshd[364]: info request served 200
Jul 19 10:00:06 host01 sshd[164]: info request served 200
Jul 19 10:00:24 host01 sshd[486]: info request served 200
Jul 19 10:01:42 host01 nginx[340]: info request served 200
Jul 19 10:01:44 host01 nginx[765]: info request served 200
Jul 19 10:01:33 host01 nginx[695]: info request served 200
Jul 19 10:01:51 host01 nginx[165]: info request served 200
Jul 19 10:01:34 host01 nginx[600]: info request served 200
Jul 19 10:01:12 host01 kernel[980]: info request served 200
Jul 19 10:01:37 host01 kernel[698]: info request served 200
Jul 19 10:01:56 host01 kernel[670]: info request served 200
Jul 19 10:01:22 host01 kernel[536]: info request served 200
Jul 19 10:01:10 host01 sshd[199]: info request served 200
Jul 19 10:01:34 host01 sshd[818]: info request served 200
Jul 19 10:02:41 host01 nginx[615]: info request served 200
Jul 19 10:02:39 host01 nginx[253]: info request served 200
Jul 19 10:02:22 host01 nginx[622]: info request served 200
Jul 19 10:02:42 host01 nginx[977]: info request served 200
Jul 19 10:02:32 host01 nginx[658]: info request served 200
Jul 19 10:02:14 host01 nginx[112]: info request served 200
Jul 19 10:02:21 host01 kernel[134]: info request served 200
Jul 19 10:02:27 host01 kernel[405]: info request served 200
Jul 19 10:02:53 host01 kernel[526]: info request served 200
Jul 19 10:02:42 host01 sshd[270]: info request served 200
Jul 19 10:02:59 host01 sshd[126]: info request served 200
Jul 19 10:03:49 host01 nginx[219]: info request served 200
Jul 19 10:03:00 host01 nginx[489]: info request served 200
Jul 19 10:03:21 host01 nginx[682]: info request served 200
Jul 19 10:03:27 host01 nginx[242]: info request served 200
Jul 19 10:03:26 host01 nginx[516]: info request served 200
Jul 19 10:03:05 host01 kernel[395]: info request served 200
Jul 19 10:03:45 host01 kernel[187]: info request served 200
Jul 19 10:03:42 host01 kernel[633]: info request served 200
Jul 19 10:03:23 host01 sshd[617]: info request served 200
Jul 19 10:03:31 host01 sshd[718]: info request served 200
Jul 19 10:03:04 host01 sshd[243]: info request served 200
Jul 19 10:03:21 host01 sshd[687]: info request served 200
Jul 19 10:04:47 host01 nginx[433]: info request served 200
Jul 19 10:04:23 host01 nginx[955]: error upstream connection refused
Jul 19 10:04:31 host01 nginx[996]: info request served 200
Jul 19 10:04:39 host01 nginx[989]: error upstream connection refused
Jul 19 10:04:48 host01 nginx[936]: info request served 200
Jul 19 10:04:11 host01 kernel[541]: info request served 200
Jul 19 10:04:28 host01 kernel[305]: info request served 200
Jul 19 10:04:38 host01 kernel[930]: info request served 200
Jul 19 10:04:30 host01 kernel[490]: info request served 200
Jul 19 10:04:06 host01 sshd[563]: info request served 200
Jul 19 10:04:41 host01 sshd[550]: info request served 200
Jul 19 10:05:46 host01 nginx[582]: info request served 200
Jul 19 10:05:36 host01 nginx[469]: info request served 200
Jul 19 10:05:29 host01 nginx[302]: info request served 200
Jul 19 10:05:03 host01 nginx[210]: info request served 200
Jul 19 10:05:13 host01 nginx[825]: info request served 200
Jul 19 10:05:38 host01 nginx[123]: info request served 200
Jul 19 10:05:41 host01 nginx[542]: info request served 200
Jul 19 10:05:05 host01 kernel[866]: info request served 200
Jul 19 10:05:48 host01 kernel[938]: info request served 200
Jul 19 10:05:45 host01 kernel[613]: info request served 200
Jul 19 10:05:14 host01 kernel[493]: info request served 200
Jul 19 10:05:33 host01 sshd[106]: info request served 200
Jul 19 10:05:18 host01 sshd[181]: info request served 200
Jul 19 10:05:47 host01 sshd[512]: info request served 200
Jul 19 10:05:14 host01 sshd[181]: info request served 200
Jul 19 10:06:26 host01 nginx[478]: info request served 200
Jul 19 10:06:51 host01 nginx[970]: info request served 200
Jul 19 10:06:20 host01 nginx[740]: info request served 200
Jul 19 10:06:53 host01 nginx[902]: info request served 200
Jul 19 10:06:57 host01 nginx[966]: info request served 200
Jul 19 10:06:06 host01 nginx[478]: info request served 200
Jul 19 10:06:24 host01 nginx[967]: info request served 200
Jul 19 10:06:13 host01 kernel[727]: info request served 200
Jul 19 10:06:24 host01 kernel[800]: info request served 200
Jul 19 10:06:33 host01 kernel[845]: info request served 200
Jul 19 10:06:52 host01 sshd[699]: info request served 200
Jul 19 10:06:23 host01 sshd[300]: info request served 200
Jul 19 10:06:31 host01 sshd[619]: info request served 200
Jul 19 10:07:17 host01 nginx[610]: info request served 200
Jul 19 10:07:46 host01 nginx[529]: info request served 200
Jul 19 10:07:49 host01 nginx[949]: info request served 200
Jul 19 10:07:52 host01 nginx[398]: info request served 200
Jul 19 10:07:17 host01 nginx[616]: info request served 200
Jul 19 10:07:17 host01 kernel[747]: info request served 200
Jul 19 10:07:26 host01 kernel[351]: info request served 200
Jul 19 10:07:15 host01 kernel[865]: info request served 200
Jul 19 10:07:15 host01 sshd[930]: info request served 200
Jul 19 10:07:38 host01 sshd[300]: info request served 200
Jul 19 10:07:23 host01 sshd[208]: info request served 200
Jul 19 10:08:24 host01 nginx[274]: error upstream connection refused
Jul 19 10:08:49 host01 nginx[537]: error upstream connection refused
Jul 19 10:08:58 host01 nginx[240]: error upstream connection refused
Jul 19 10:08:01 host01 nginx[801]: error upstream connection refused
Jul 19 10:08:16 host01 nginx[573]: error upstream connection refused
Jul 19 10:08:55 host01 kernel[389]: info request served 200
Jul 19 10:08:59 host01 kernel[229]: info request served 200
Jul 19 10:08:38 host01 kernel[768]: info request served 200
Jul 19 10:08:20 host01 sshd[955]: info request served 200
Jul 19 10:08:58 host01 sshd[240]: info request served 200
Jul 19 10:09:51 host01 nginx[948]: error upstream connection refused
Jul 19 10:09:04 host01 nginx[842]: info request served 200
Jul 19 10:09:02 host01 nginx[426]: error upstream connection refused
Jul 19 10:09:14 host01 nginx[466]: error upstream connection refused
Jul 19 10:09:20 host01 nginx[216]: error upstream connection refused
Jul 19 10:09:58 host01 nginx[456]: error upstream connection refused
Jul 19 10:09:27 host01 nginx[361]: error upstream connection refused
Jul 19 10:09:09 host01 kernel[900]: info request served 200
Jul 19 10:09:04 host01 kernel[327]: info request served 200
Jul 19 10:09:05 host01 kernel[280]: info request served 200
Jul 19 10:09:47 host01 sshd[152]: info request served 200
Jul 19 10:09:03 host01 sshd[853]: info request served 200
Jul 19 10:09:11 host01 sshd[672]: info request served 200
Jul 19 10:10:20 host01 nginx[348]: info request served 200
Jul 19 10:10:47 host01 nginx[213]: info request served 200
Jul 19 10:10:36 host01 nginx[184]: info request served 200
Jul 19 10:10:08 host01 nginx[235]: info request served 200
Jul 19 10:10:14 host01 nginx[517]: info request served 200
Jul 19 10:10:11 host01 nginx[880]: info request served 200
Jul 19 10:10:28 host01 nginx[559]: info request served 200
Jul 19 10:10:42 host01 kernel[524]: info request served 200
Jul 19 10:10:52 host01 kernel[692]: info request served 200
Jul 19 10:10:43 host01 kernel[480]: info request served 200
Jul 19 10:10:44 host01 kernel[827]: info request served 200
Jul 19 10:10:55 host01 sshd[964]: info request served 200
Jul 19 10:10:49 host01 sshd[416]: info request served 200
Jul 19 10:10:17 host01 sshd[587]: info request served 200
Jul 19 10:11:53 host01 nginx[611]: info request served 200
Jul 19 10:11:40 host01 nginx[646]: info request served 200
Jul 19 10:11:50 host01 nginx[396]: info request served 200
Jul 19 10:11:51 host01 nginx[639]: info request served 200
Jul 19 10:11:25 host01 nginx[944]: info request served 200
Jul 19 10:11:41 host01 kernel[398]: info request served 200
Jul 19 10:11:25 host01 kernel[989]: error upstream connection refused
Jul 19 10:11:23 host01 kernel[403]: info request served 200
Jul 19 10:11:24 host01 sshd[736]: info request served 200
Jul 19 10:11:09 host01 sshd[114]: info request served 200
Jul 19 10:11:05 host01 sshd[559]: info request served 200
Jul 19 10:12:08 host01 nginx[961]: info request served 200
Jul 19 10:12:27 host01 nginx[692]: info request served 200
Jul 19 10:12:56 host01 nginx[614]: info request served 200
Jul 19 10:12:02 host01 nginx[832]: info request served 200
Jul 19 10:12:41 host01 nginx[466]: info request served 200
Jul 19 10:12:06 host01 nginx[765]: info request served 200
Jul 19 10:12:06 host01 nginx[273]: info request served 200
Jul 19 10:12:15 host01 kernel[690]: info request served 200
Jul 19 10:12:22 host01 kernel[871]: info request served 200
Jul 19 10:12:51 host01 kernel[860]: info request served 200
Jul 19 10:12:40 host01 kernel[852]: info request served 200
Jul 19 10:12:59 host01 sshd[766]: info request served 200
Jul 19 10:12:20 host01 sshd[338]: info request served 200
Jul 19 10:13:23 host01 nginx[587]: info request served 200
Jul 19 10:13:35 host01 nginx[242]: info request served 200
Jul 19 10:13:41 host01 nginx[123]: info request served 200
Jul 19 10:13:50 host01 nginx[394]: info request served 200
Jul 19 10:13:37 host01 nginx[565]: info request served 200
Jul 19 10:13:53 host01 nginx[512]: info request served 200
Jul 19 10:13:55 host01 nginx[772]: info request served 200
Jul 19 10:13:05 host01 kernel[769]: info request served 200
Jul 19 10:13:28 host01 kernel[692]: info request served 200
Jul 19 10:13:47 host01 kernel[834]: info request served 200
Jul 19 10:13:38 host01 kernel[470]: info request served 200
Jul 19 10:13:36 host01 sshd[659]: info request served 200
Jul 19 10:13:33 host01 sshd[277]: info request served 200
Jul 19 10:13:50 host01 sshd[942]: info request served 200
Jul 19 10:14:05 host01 nginx[781]: info request served 200
Jul 19 10:14:48 host01 nginx[250]: info request served 200
Jul 19 10:14:40 host01 nginx[918]: info request served 200
Jul 19 10:14:12 host01 nginx[114]: info request served 200
Jul 19 10:14:02 host01 nginx[948]: info request served 200
Jul 19 10:14:20 host01 kernel[105]: info request served 200
Jul 19 10:14:47 host01 kernel[231]: error upstream connection refused
Jul 19 10:14:19 host01 sshd[111]: info request served 200
Jul 19 10:14:02 host01 sshd[436]: info request served 200
Jul 19 10:14:20 host01 sshd[524]: info request served 200
Jul 19 10:14:15 host01 sshd[100]: info request served 200
Jul 19 10:15:06 host01 nginx[307]: info request served 200
Jul 19 10:15:30 host01 nginx[874]: info request served 200
Jul 19 10:15:45 host01 nginx[531]: info request served 200
Jul 19 10:15:57 host01 nginx[618]: info request served 200
Jul 19 10:15:09 host01 nginx[773]: info request served 200
Jul 19 10:15:45 host01 nginx[905]: info request served 200
Jul 19 10:15:42 host01 nginx[711]: info request served 200
Jul 19 10:15:42 host01 kernel[519]: info request served 200
Jul 19 10:15:44 host01 kernel[128]: info request served 200
Jul 19 10:15:18 host01 kernel[599]: info request served 200
Jul 19 10:15:44 host01 sshd[156]: info request served 200
Jul 19 10:15:25 host01 sshd[416]: info request served 200
Jul 19 10:15:16 host01 sshd[383]: info request served 200
Jul 19 10:16:01 host01 nginx[313]: info request served 200
Jul 19 10:16:45 host01 nginx[817]: info request served 200
Jul 19 10:16:13 host01 nginx[926]: info request served 200
Jul 19 10:16:49 host01 nginx[987]: info request served 200
Jul 19 10:16:59 host01 nginx[606]: info request served 200
Jul 19 10:16:09 host01 nginx[422]: info request served 200
Jul 19 10:16:15 host01 nginx[184]: info request served 200
Jul 19 10:16:22 host01 kernel[944]: info request served 200
Jul 19 10:16:56 host01 kernel[610]: info request served 200
Jul 19 10:16:58 host01 kernel[727]: info request served 200
Jul 19 10:16:39 host01 sshd[269]: info request served 200
Jul 19 10:16:30 host01 sshd[631]: info request served 200
Jul 19 10:16:50 host01 sshd[265]: info request served 200
Jul 19 10:17:15 host01 nginx[535]: info request served 200
Jul 19 10:17:46 host01 nginx[305]: info request served 200
Jul 19 10:17:21 host01 nginx[676]: info request served 200
Jul 19 10:17:49 host01 nginx[555]: info request served 200
Jul 19 10:17:20 host01 nginx[244]: info request served 200
Jul 19 10:17:42 host01 nginx[708]: info request served 200
Jul 19 10:17:25 host01 nginx[422]: info request served 200
Jul 19 10:17:22 host01 kernel[221]: info request served 200
Jul 19 10:17:07 host01 kernel[977]: info request served 200
Jul 19 10:17:59 host01 kernel[557]: info request served 200
Jul 19 10:17:38 host01 sshd[446]: error upstream connection refused
Jul 19 10:17:35 host01 sshd[980]: info request served 200
Jul 19 10:17:58 host01 sshd[873]: info request served 200
